c:\ubc\cpsc 259\labs\lab5_takehome\lab5_takehome\x64\debug\vc143.pdb
c:\ubc\cpsc 259\labs\lab5_takehome\lab5_takehome\x64\debug\vc143.idb
c:\ubc\cpsc 259\labs\lab5_takehome\lab5_takehome\x64\debug\pagerank.obj
c:\ubc\cpsc 259\labs\lab5_takehome\lab5_takehome\x64\debug\pagerank.obj.enc
c:\ubc\cpsc 259\labs\lab5_takehome\x64\debug\lab5_takehome.pdb
c:\ubc\cpsc 259\labs\lab5_takehome\lab5_takehome\x64\debug\lab5_takehome.tlog\cl.command.1.tlog
c:\ubc\cpsc 259\labs\lab5_takehome\lab5_takehome\x64\debug\lab5_takehome.tlog\cl.read.1.tlog
c:\ubc\cpsc 259\labs\lab5_takehome\lab5_takehome\x64\debug\lab5_takehome.tlog\cl.write.1.tlog
c:\ubc\cpsc 259\labs\lab5_takehome\lab5_takehome\x64\debug\lab5_takehome.tlog\link-cvtres.read.1.tlog
c:\ubc\cpsc 259\labs\lab5_takehome\lab5_takehome\x64\debug\lab5_takehome.tlog\link-cvtres.write.1.tlog
c:\ubc\cpsc 259\labs\lab5_takehome\lab5_takehome\x64\debug\lab5_takehome.tlog\link-rc.read.1.tlog
c:\ubc\cpsc 259\labs\lab5_takehome\lab5_takehome\x64\debug\lab5_takehome.tlog\link-rc.write.1.tlog
c:\ubc\cpsc 259\labs\lab5_takehome\lab5_takehome\x64\debug\lab5_takehome.tlog\link.45116-cvtres.read.1.tlog
c:\ubc\cpsc 259\labs\lab5_takehome\lab5_takehome\x64\debug\lab5_takehome.tlog\link.45116-cvtres.write.1.tlog
c:\ubc\cpsc 259\labs\lab5_takehome\lab5_takehome\x64\debug\lab5_takehome.tlog\link.45116-rc.read.1.tlog
c:\ubc\cpsc 259\labs\lab5_takehome\lab5_takehome\x64\debug\lab5_takehome.tlog\link.45116-rc.write.1.tlog
c:\ubc\cpsc 259\labs\lab5_takehome\lab5_takehome\x64\debug\lab5_takehome.tlog\link.45116.read.1.tlog
c:\ubc\cpsc 259\labs\lab5_takehome\lab5_takehome\x64\debug\lab5_takehome.tlog\link.45116.read.3.tlog
c:\ubc\cpsc 259\labs\lab5_takehome\lab5_takehome\x64\debug\lab5_takehome.tlog\link.45116.write.1.tlog
c:\ubc\cpsc 259\labs\lab5_takehome\lab5_takehome\x64\debug\lab5_takehome.tlog\link.command.1.tlog
c:\ubc\cpsc 259\labs\lab5_takehome\lab5_takehome\x64\debug\lab5_takehome.tlog\link.read.1.tlog
c:\ubc\cpsc 259\labs\lab5_takehome\lab5_takehome\x64\debug\lab5_takehome.tlog\link.read.2.tlog
c:\ubc\cpsc 259\labs\lab5_takehome\lab5_takehome\x64\debug\lab5_takehome.tlog\link.write.1.tlog
